c:\users\wettel\documents\github\artificial-bee-colony\interfaceabc\interfaceabc\debug\vc140.pdb
c:\users\wettel\documents\github\artificial-bee-colony\interfaceabc\interfaceabc\debug\solution.obj
c:\users\wettel\documents\github\artificial-bee-colony\interfaceabc\interfaceabc\debug\problem.obj
c:\users\wettel\documents\github\artificial-bee-colony\interfaceabc\interfaceabc\debug\myform.obj
c:\users\wettel\documents\github\artificial-bee-colony\interfaceabc\interfaceabc\debug\myalgorithm.obj
c:\users\wettel\documents\github\artificial-bee-colony\interfaceabc\interfaceabc\debug\bench.obj
c:\users\wettel\documents\github\artificial-bee-colony\interfaceabc\interfaceabc\debug\.netframework,version=v4.5.2.assemblyattributes.obj
c:\users\wettel\documents\github\artificial-bee-colony\interfaceabc\interfaceabc\debug\.netframework,version=v4.5.2.assemblyattributes.asm
c:\users\wettel\documents\github\artificial-bee-colony\interfaceabc\interfaceabc\debug\setupparams.obj
c:\users\adrie\documents\github\artificial-bee-colony\interfaceabc\interfaceabc\debug\vc140.pdb
c:\users\adrie\documents\github\artificial-bee-colony\interfaceabc\interfaceabc\debug\solution.obj
c:\users\adrie\documents\github\artificial-bee-colony\interfaceabc\interfaceabc\debug\setupparams.obj
c:\users\adrie\documents\github\artificial-bee-colony\interfaceabc\interfaceabc\debug\problem.obj
c:\users\adrie\documents\github\artificial-bee-colony\interfaceabc\interfaceabc\debug\myform.obj
c:\users\adrie\documents\github\artificial-bee-colony\interfaceabc\interfaceabc\debug\bench.obj
c:\users\wettel\documents\github\artificial-bee-colony\interfaceabc\interfaceabc\debug\interfaceabc.myform.resources
c:\users\wettel\documents\github\artificial-bee-colony\interfaceabc\debug\interfaceabc.exe
c:\users\wettel\documents\github\artificial-bee-colony\interfaceabc\debug\interfaceabc.pdb
c:\users\wettel\documents\github\artificial-bee-colony\interfaceabc\interfaceabc\debug\interfaceabc.tlog\metagen.write.1.tlog
c:\users\adrie\documents\github\artificial-bee-colony\interfaceabc\interfaceabc\debug\interfaceabc.vcxproj.generateresource.cache
c:\users\adrie\documents\github\artificial-bee-colony\interfaceabc\interfaceabc\debug\interfaceabc.vcxprojresolveassemblyreference.cache
c:\users\adrie\documents\github\artificial-bee-colony\interfaceabc\interfaceabc\debug\.netframework,version=v4.5.2.assemblyattributes.obj
c:\users\adrie\documents\github\artificial-bee-colony\interfaceabc\interfaceabc\debug\.netframework,version=v4.5.assemblyattributes.obj
c:\users\adrie\documents\github\artificial-bee-colony\interfaceabc\interfaceabc\debug\interfaceabc.myform.resources
c:\users\adrie\documents\github\artificial-bee-colony\interfaceabc\interfaceabc\debug\vc120.pdb
c:\users\adrie\documents\github\artificial-bee-colony\interfaceabc\debug\interfaceabc.pdb
c:\users\adrie\documents\github\artificial-bee-colony\interfaceabc\debug\interfaceabc.exe
c:\users\adrie\documents\github\artificial-bee-colony\interfaceabc\interfaceabc\debug\interfaceabc.tlog\cl.command.1.tlog
c:\users\adrie\documents\github\artificial-bee-colony\interfaceabc\interfaceabc\debug\interfaceabc.tlog\cl.read.1.tlog
c:\users\adrie\documents\github\artificial-bee-colony\interfaceabc\interfaceabc\debug\interfaceabc.tlog\cl.write.1.tlog
c:\users\adrie\documents\github\artificial-bee-colony\interfaceabc\interfaceabc\debug\interfaceabc.tlog\interfaceabc.write.1u.tlog
c:\users\adrie\documents\github\artificial-bee-colony\interfaceabc\interfaceabc\debug\interfaceabc.tlog\link.command.1.tlog
c:\users\adrie\documents\github\artificial-bee-colony\interfaceabc\interfaceabc\debug\interfaceabc.tlog\link.read.1.tlog
c:\users\adrie\documents\github\artificial-bee-colony\interfaceabc\interfaceabc\debug\interfaceabc.tlog\link.write.1.tlog
c:\users\adrie\documents\github\artificial-bee-colony\interfaceabc\interfaceabc\debug\interfaceabc.tlog\metagen.read.1.tlog
c:\users\adrie\documents\github\artificial-bee-colony\interfaceabc\interfaceabc\debug\interfaceabc.tlog\metagen.write.1.tlog
c:\users\adrie\documents\github\artificial-bee-colony\interfaceabc\interfaceabc\debug\interfaceabc.tlog\system.data.dll.metagen
c:\users\adrie\documents\github\artificial-bee-colony\interfaceabc\interfaceabc\debug\interfaceabc.tlog\system.dll.metagen
c:\users\adrie\documents\github\artificial-bee-colony\interfaceabc\interfaceabc\debug\interfaceabc.tlog\system.drawing.dll.metagen
c:\users\adrie\documents\github\artificial-bee-colony\interfaceabc\interfaceabc\debug\interfaceabc.tlog\system.xml.dll.metagen
c:\users\adrie\documents\github\artificial-bee-colony\interfaceabc\interfaceabc\debug\interfaceabc.tlog\rsaenh.dll.bi
c:\users\adrie\documents\github\artificial-bee-colony\interfaceabc\interfaceabc\debug\interfaceabc.tlog\tzres.dll.bi
