  MyAlgorithm.cpp
MyAlgorithm.cpp(18): warning C4018: '<': signed/unsigned mismatch
MyAlgorithm.cpp(25): warning C4018: '<': signed/unsigned mismatch
MyAlgorithm.cpp(36): warning C4244: 'argument': conversion from 'double' to 'unsigned int', possible loss of data
MyAlgorithm.cpp(37): warning C4244: 'return': conversion from 'double' to 'int', possible loss of data
MyAlgorithm.cpp(42): warning C4244: 'argument': conversion from 'double' to 'unsigned int', possible loss of data
MyAlgorithm.cpp(43): warning C4244: 'return': conversion from 'double' to 'int', possible loss of data
MyAlgorithm.cpp(47): warning C4244: 'argument': conversion from 'double' to 'const int', possible loss of data
MyAlgorithm.cpp(48): warning C4244: 'argument': conversion from 'double' to 'const int', possible loss of data
MyAlgorithm.cpp(56): warning C4551: function call missing argument list
MyAlgorithm.cpp(57): warning C4018: '<': signed/unsigned mismatch
MyAlgorithm.cpp(60): warning C4018: '<': signed/unsigned mismatch
MyAlgorithm.cpp(74): warning C4018: '<': signed/unsigned mismatch
MyAlgorithm.cpp(84): warning C4018: '<': signed/unsigned mismatch
MyAlgorithm.cpp(97): warning C4244: 'initializing': conversion from 'double' to 'int', possible loss of data
MyAlgorithm.cpp(99): warning C4244: '=': conversion from 'double' to 'int', possible loss of data
MyAlgorithm.cpp(130): warning C4018: '<': signed/unsigned mismatch
MyAlgorithm.cpp(133): warning C4244: 'initializing': conversion from 'double' to 'int', possible loss of data
MyAlgorithm.cpp(141): warning C4018: '<': signed/unsigned mismatch
MyAlgorithm.cpp(153): warning C4018: '<': signed/unsigned mismatch
MyAlgorithm.cpp(157): warning C4018: '<': signed/unsigned mismatch
MyAlgorithm.cpp(177): warning C4018: '<': signed/unsigned mismatch
MyAlgorithm.cpp(178): warning C4018: '>=': signed/unsigned mismatch
  InterfaceABC.vcxproj -> C:\Users\adrie\Documents\GitHub\Artificial-Bee-Colony\InterfaceABC\Debug\InterfaceABC.exe
  InterfaceABC.vcxproj -> C:\Users\adrie\Documents\GitHub\Artificial-Bee-Colony\InterfaceABC\Debug\InterfaceABC.pdb (Full PDB)
